Tray Error: C:\Users\henry\OneDrive\Documents\Arduino\user-management-server\simple-tray.js:310
app.whenReady().then(() => {
    ^

TypeError: Cannot read properties of undefined (reading 'whenReady')
    at Object.<anonymous> (C:\Users\henry\OneDrive\Documents\Arduino\user-management-server\simple-tray.js:310:5)
    at Module._compile (node:internal/modules/cjs/loader:1706:14)
    at Object..js (node:internal/modules/cjs/loader:1839:10)
    at Module.load (node:internal/modules/cjs/loader:1441:32)
    at Function._load (node:internal/modules/cjs/loader:1263:12)
    at TracingChannel.traceSync (node:diagnostics_channel:322:14)
    at wrapModuleLoad (node:internal/modules/cjs/loader:237:24)
    at Function.executeUserEntryPoint [as runMain] (node:internal/modules/run_main:171:5)
    at node:internal/main/run_main_module:36:49

Node.js v22.19.0

Tray Error: C:\Users\henry\OneDrive\Documents\Arduino\user-management-server\simple-tray.js:310
app.whenReady().then(() => {
    ^

TypeError: Cannot read properties of undefined (reading 'whenReady')
    at Object.<anonymous> (C:\Users\henry\OneDrive\Documents\Arduino\user-management-server\simple-tray.js:310:5)
    at Module._compile (node:internal/modules/cjs/loader:1706:14)
    at Object..js (node:internal/modules/cjs/loader:1839:10)
    at Module.load (node:internal/modules/cjs/loader:1441:32)
    at Function._load (node:internal/modules/cjs/loader:1263:12)
    at TracingChannel.traceSync (node:diagnostics_channel:322:14)
    at wrapModuleLoad (node:internal/modules/cjs/loader:237:24)
    at Function.executeUserEntryPoint [as runMain] (node:internal/modules/run_main:171:5)
    at node:internal/main/run_main_module:36:49

Node.js v22.19.0

Tray Error: C:\Users\henry\OneDrive\Documents\Arduino\user-management-server\simple-tray.js:310
app.whenReady().then(() => {
    ^

TypeError: Cannot read properties of undefined (reading 'whenReady')
    at Object.<anonymous> (C:\Users\henry\OneDrive\Documents\Arduino\user-management-server\simple-tray.js:310:5)
    at Module._compile (node:internal/modules/cjs/loader:1706:14)
    at Object..js (node:internal/modules/cjs/loader:1839:10)
    at Module.load (node:internal/modules/cjs/loader:1441:32)
    at Function._load (node:internal/modules/cjs/loader:1263:12)
    at TracingChannel.traceSync (node:diagnostics_channel:322:14)
    at wrapModuleLoad (node:internal/modules/cjs/loader:237:24)
    at Function.executeUserEntryPoint [as runMain] (node:internal/modules/run_main:171:5)
    at node:internal/main/run_main_module:36:49

Node.js v22.19.0

Tray Error: C:\Users\henry\OneDrive\Documents\Arduino\user-management-server\simple-tray.js:310
app.whenReady().then(() => {
    ^

TypeError: Cannot read properties of undefined (reading 'whenReady')
    at Object.<anonymous> (C:\Users\henry\OneDrive\Documents\Arduino\user-management-server\simple-tray.js:310:5)
    at Module._compile (node:internal/modules/cjs/loader:1706:14)
    at Object..js (node:internal/modules/cjs/loader:1839:10)
    at Module.load (node:internal/modules/cjs/loader:1441:32)
    at Function._load (node:internal/modules/cjs/loader:1263:12)
    at TracingChannel.traceSync (node:diagnostics_channel:322:14)
    at wrapModuleLoad (node:internal/modules/cjs/loader:237:24)
    at Function.executeUserEntryPoint [as runMain] (node:internal/modules/run_main:171:5)
    at node:internal/main/run_main_module:36:49

Node.js v22.19.0

